<?xml version="1.0" encoding="UTF-8"?>
<!-- Generated by org.testng.reporters.JUnitReportReporter -->
<testsuite hostname="IBM-PF42VRSR" failures="0" tests="7" name="Automation_Testing.CRM.activity1" time="24.411" errors="0" timestamp="2024-06-03T20:10:54 IST" skipped="0">
  <testcase classname="Automation_Testing.CRM.activity1" name="task1" time="3.888"/>
  <system-out/>
  <testcase classname="Automation_Testing.CRM.activity1" name="task5" time="3.566"/>
  <system-out/>
  <testcase classname="Automation_Testing.CRM.activity1" name="task7" time="3.791"/>
  <system-out/>
  <testcase classname="Automation_Testing.CRM.activity1" name="task2" time="2.821"/>
  <system-out/>
  <testcase classname="Automation_Testing.CRM.activity1" name="task3" time="2.453"/>
  <system-out/>
  <testcase classname="Automation_Testing.CRM.activity1" name="task4" time="3.762"/>
  <system-out/>
  <testcase classname="Automation_Testing.CRM.activity1" name="task6" time="4.130"/>
  <system-out/>
</testsuite> <!-- Automation_Testing.CRM.activity1 -->
