<?xml version="1.0" encoding="UTF-8"?>
<!-- Generated by org.testng.reporters.JUnitReportReporter -->
<testsuite hostname="IBM-PF42VRSR" failures="0" tests="1" name="Automation_Testing.CRM.activity2" time="15.902" errors="0" timestamp="2024-06-03T21:24:52 IST" skipped="0">
  <testcase classname="Automation_Testing.CRM.activity2" name="task2" time="15.902"/>
  <system-out/>
</testsuite> <!-- Automation_Testing.CRM.activity2 -->
