<?xml version="1.0" encoding="UTF-8"?>
<!-- Generated by org.testng.reporters.JUnitReportReporter -->
<testsuite hostname="IBM-PF42VRSR" failures="0" tests="7" name="Automation_Testing.CRM.activity1" time="30.422" errors="0" timestamp="2024-06-03T21:21:38 IST" skipped="0">
  <testcase classname="Automation_Testing.CRM.activity1" name="task1" time="4.644"/>
  <system-out/>
  <testcase classname="Automation_Testing.CRM.activity1" name="task4" time="3.945"/>
  <system-out/>
  <testcase classname="Automation_Testing.CRM.activity1" name="task3" time="2.271"/>
  <system-out/>
  <testcase classname="Automation_Testing.CRM.activity1" name="task6" time="3.941"/>
  <system-out/>
  <testcase classname="Automation_Testing.CRM.activity1" name="task5" time="4.368"/>
  <system-out/>
  <testcase classname="Automation_Testing.CRM.activity1" name="task7" time="7.843"/>
  <system-out/>
  <testcase classname="Automation_Testing.CRM.activity1" name="task2" time="3.410"/>
  <system-out/>
</testsuite> <!-- Automation_Testing.CRM.activity1 -->
